  [1m[36m (0.9ms)[0m  [1mCREATE TABLE "schema_migrations" ("version" varchar NOT NULL) [0m
  [1m[35m (0.1ms)[0m  select sqlite_version(*)
  [1m[36m (0.7ms)[0m  [1mCREATE UNIQUE INDEX "unique_schema_migrations" ON "schema_migrations" ("version")[0m
  [1m[35mActiveRecord::SchemaMigration Load (0.1ms)[0m  SELECT "schema_migrations".* FROM "schema_migrations"
Migrating to CreateMarkets (20161004230735)
  [1m[36m (0.1ms)[0m  [1mbegin transaction[0m
  [1m[35m (0.4ms)[0m  CREATE TABLE "markets" ("id" INTEGER PRIMARY KEY AUTOINCREMENT NOT NULL, "name" varchar, "address" varchar, "city" varchar, "county" varchar, "state" varchar, "zip" varchar, "created_at" datetime NOT NULL, "updated_at" datetime NOT NULL) 
  [1m[36mSQL (0.2ms)[0m  [1mINSERT INTO "schema_migrations" ("version") VALUES (?)[0m  [["version", "20161004230735"]]
  [1m[35m (0.8ms)[0m  commit transaction
  [1m[36mActiveRecord::SchemaMigration Load (0.1ms)[0m  [1mSELECT "schema_migrations".* FROM "schema_migrations"[0m
  [1m[36mActiveRecord::SchemaMigration Load (0.4ms)[0m  [1mSELECT "schema_migrations".* FROM "schema_migrations"[0m
Migrating to CreateVendors (20161004231112)
  [1m[35m (0.1ms)[0m  begin transaction
  [1m[36m (0.5ms)[0m  [1mCREATE TABLE "vendors" ("id" INTEGER PRIMARY KEY AUTOINCREMENT NOT NULL, "name" varchar, "num_employees" integer, "market_id" integer, "created_at" datetime NOT NULL, "updated_at" datetime NOT NULL) [0m
  [1m[35mSQL (0.2ms)[0m  INSERT INTO "schema_migrations" ("version") VALUES (?)  [["version", "20161004231112"]]
  [1m[36m (0.6ms)[0m  [1mcommit transaction[0m
  [1m[35mActiveRecord::SchemaMigration Load (0.1ms)[0m  SELECT "schema_migrations".* FROM "schema_migrations"
  [1m[36mActiveRecord::SchemaMigration Load (0.1ms)[0m  [1mSELECT "schema_migrations".* FROM "schema_migrations"[0m
Migrating to CreateSales (20161004231431)
  [1m[35m (0.1ms)[0m  begin transaction
  [1m[36m (0.4ms)[0m  [1mCREATE TABLE "sales" ("id" INTEGER PRIMARY KEY AUTOINCREMENT NOT NULL, "amount" integer, "purchase_time" datetime, "vendor_id" integer, "product_id" integer, "created_at" datetime NOT NULL, "updated_at" datetime NOT NULL) [0m
  [1m[35mSQL (0.2ms)[0m  INSERT INTO "schema_migrations" ("version") VALUES (?)  [["version", "20161004231431"]]
  [1m[36m (6.6ms)[0m  [1mcommit transaction[0m
  [1m[35mActiveRecord::SchemaMigration Load (0.1ms)[0m  SELECT "schema_migrations".* FROM "schema_migrations"
  [1m[36mActiveRecord::SchemaMigration Load (0.1ms)[0m  [1mSELECT "schema_migrations".* FROM "schema_migrations"[0m
Migrating to CreateProducts (20161004231545)
  [1m[35m (0.1ms)[0m  begin transaction
  [1m[36m (0.4ms)[0m  [1mCREATE TABLE "products" ("id" INTEGER PRIMARY KEY AUTOINCREMENT NOT NULL, "name" varchar, "vendor_id" integer, "created_at" datetime NOT NULL, "updated_at" datetime NOT NULL) [0m
  [1m[35mSQL (0.2ms)[0m  INSERT INTO "schema_migrations" ("version") VALUES (?)  [["version", "20161004231545"]]
  [1m[36m (6.7ms)[0m  [1mcommit transaction[0m
  [1m[35mActiveRecord::SchemaMigration Load (0.1ms)[0m  SELECT "schema_migrations".* FROM "schema_migrations"
  [1m[36mActiveRecord::SchemaMigration Load (0.3ms)[0m  [1mSELECT "schema_migrations".* FROM "schema_migrations"[0m
  [1m[36mActiveRecord::SchemaMigration Load (0.4ms)[0m  [1mSELECT "schema_migrations".* FROM "schema_migrations"[0m
  [1m[35m (0.1ms)[0m  begin transaction
  [1m[36mSQL (0.9ms)[0m  [1mINSERT INTO "markets" ("id", "name", "address", "city", "county", "state", "zip", "created_at", "updated_at") VALUES (?, ?, ?, ?, ?, ?, ?, ?, ?)[0m  [["id", 1], ["name", "People's Co-op Farmers Market"], ["address", "30th and Burnside"], ["city", "Portland"], ["county", "Multnomah"], ["state", "Oregon"], ["zip", "97202"], ["created_at", "2016-10-04 23:35:55.523989"], ["updated_at", "2016-10-04 23:35:55.523989"]]
  [1m[35m (0.7ms)[0m  commit transaction
  [1m[36m (0.1ms)[0m  [1mbegin transaction[0m
  [1m[35mSQL (0.2ms)[0m  INSERT INTO "markets" ("id", "name", "address", "city", "county", "state", "zip", "created_at", "updated_at") VALUES (?, ?, ?, ?, ?, ?, ?, ?, ?)  [["id", 2], ["name", "Silverdale Farmers Market"], ["address", "98383"], ["city", "Silverdale"], ["county", "Kitsap"], ["state", "Washington"], ["zip", "98383"], ["created_at", "2016-10-04 23:35:55.529910"], ["updated_at", "2016-10-04 23:35:55.529910"]]
  [1m[36m (0.6ms)[0m  [1mcommit transaction[0m
  [1m[35m (0.0ms)[0m  begin transaction
  [1m[36mSQL (0.2ms)[0m  [1mINSERT INTO "markets" ("id", "name", "address", "city", "county", "state", "zip", "created_at", "updated_at") VALUES (?, ?, ?, ?, ?, ?, ?, ?, ?)[0m  [["id", 3], ["name", "Dolgeville Farmer's Market"], ["address", "(Parking Lot) Between Main St. and Helmer Ave"], ["city", "Dolgeville"], ["county", "Herkimer"], ["state", "New York"], ["zip", "13329"], ["created_at", "2016-10-04 23:35:55.532037"], ["updated_at", "2016-10-04 23:35:55.532037"]]
  [1m[35m (0.6ms)[0m  commit transaction
  [1m[36m (0.0ms)[0m  [1mbegin transaction[0m
  [1m[35mSQL (0.2ms)[0m  INSERT INTO "markets" ("id", "name", "address", "city", "county", "state", "created_at", "updated_at") VALUES (?, ?, ?, ?, ?, ?, ?, ?)  [["id", 4], ["name", "Preston Farmers’ Market"], ["address", "#1 Route 164"], ["city", "Preston"], ["county", "New London"], ["state", "Connecticut"], ["created_at", "2016-10-04 23:35:55.534075"], ["updated_at", "2016-10-04 23:35:55.534075"]]
  [1m[36m (0.6ms)[0m  [1mcommit transaction[0m
  [1m[35m (0.0ms)[0m  begin transaction
  [1m[36mSQL (0.2ms)[0m  [1mINSERT INTO "markets" ("id", "name", "address", "city", "county", "state", "zip", "created_at", "updated_at") VALUES (?, ?, ?, ?, ?, ?, ?, ?, ?)[0m  [["id", 5], ["name", "Quincy Farmers Market"], ["address", "0 Denis Ryan Parkway"], ["city", "Quincy"], ["county", "Norfolk"], ["state", "Massachusetts"], ["zip", "2169"], ["created_at", "2016-10-04 23:35:55.536412"], ["updated_at", "2016-10-04 23:35:55.536412"]]
  [1m[35m (0.6ms)[0m  commit transaction
  [1m[36m (0.0ms)[0m  [1mbegin transaction[0m
  [1m[35mSQL (0.2ms)[0m  INSERT INTO "markets" ("id", "name", "address", "city", "county", "state", "zip", "created_at", "updated_at") VALUES (?, ?, ?, ?, ?, ?, ?, ?, ?)  [["id", 6], ["name", "Jefferson City Farmer's Market"], ["address", "000 Main Street"], ["city", "Jefferson City"], ["county", "Cole"], ["state", "Missouri"], ["zip", "0"], ["created_at", "2016-10-04 23:35:55.538353"], ["updated_at", "2016-10-04 23:35:55.538353"]]
  [1m[36m (0.7ms)[0m  [1mcommit transaction[0m
  [1m[35m (0.1ms)[0m  begin transaction
  [1m[36mSQL (0.2ms)[0m  [1mINSERT INTO "markets" ("id", "name", "address", "city", "county", "state", "zip", "created_at", "updated_at") VALUES (?, ?, ?, ?, ?, ?, ?, ?, ?)[0m  [["id", 7], ["name", "Petaluma Evening Farmers' Market"], ["address", "1 2nd Street"], ["city", "Petaluma"], ["county", "Sonoma"], ["state", "California"], ["zip", "94952"], ["created_at", "2016-10-04 23:35:55.540696"], ["updated_at", "2016-10-04 23:35:55.540696"]]
  [1m[35m (0.6ms)[0m  commit transaction
  [1m[36m (0.0ms)[0m  [1mbegin transaction[0m
  [1m[35mSQL (0.2ms)[0m  INSERT INTO "markets" ("id", "name", "address", "city", "state", "zip", "created_at", "updated_at") VALUES (?, ?, ?, ?, ?, ?, ?, ?)  [["id", 8], ["name", "Charlestown Farmers Market"], ["address", "1 Austin Street, Thompson Square at Austin & Main Streets"], ["city", "Boston"], ["state", "Massachusetts"], ["zip", "2129"], ["created_at", "2016-10-04 23:35:55.542708"], ["updated_at", "2016-10-04 23:35:55.542708"]]
  [1m[36m (0.6ms)[0m  [1mcommit transaction[0m
  [1m[35m (0.0ms)[0m  begin transaction
  [1m[36mSQL (0.2ms)[0m  [1mINSERT INTO "markets" ("id", "name", "address", "city", "county", "state", "zip", "created_at", "updated_at") VALUES (?, ?, ?, ?, ?, ?, ?, ?, ?)[0m  [["id", 9], ["name", "Farmers Market at Christopher Newport University"], ["address", "1 Avenue of the Arts"], ["city", "Newport News"], ["county", "Newport News"], ["state", "Virginia"], ["zip", "23606"], ["created_at", "2016-10-04 23:35:55.544668"], ["updated_at", "2016-10-04 23:35:55.544668"]]
  [1m[35m (0.6ms)[0m  commit transaction
  [1m[36m (0.1ms)[0m  [1mbegin transaction[0m
  [1m[35mSQL (0.5ms)[0m  INSERT INTO "markets" ("id", "name", "address", "city", "county", "state", "zip", "created_at", "updated_at") VALUES (?, ?, ?, ?, ?, ?, ?, ?, ?)  [["id", 10], ["name", "Saratoga Farmers' Market"], ["address", "1 Bayberry Drive"], ["city", "Ballston Sp"], ["county", "Saratoga"], ["state", "New York"], ["zip", "12020"], ["created_at", "2016-10-04 23:35:55.546724"], ["updated_at", "2016-10-04 23:35:55.546724"]]
  [1m[36m (1.0ms)[0m  [1mcommit transaction[0m
  [1m[35m (0.1ms)[0m  begin transaction
  [1m[36mSQL (0.6ms)[0m  [1mINSERT INTO "markets" ("id", "name", "address", "city", "county", "state", "zip", "created_at", "updated_at") VALUES (?, ?, ?, ?, ?, ?, ?, ?, ?)[0m  [["id", 11], ["name", "Charles Square"], ["address", "1 Bennett Street,"], ["city", "Cambridge"], ["county", "Middlesex"], ["state", "Massachusetts"], ["zip", "2138"], ["created_at", "2016-10-04 23:35:55.550194"], ["updated_at", "2016-10-04 23:35:55.550194"]]
  [1m[35m (1.1ms)[0m  commit transaction
  [1m[36m (0.1ms)[0m  [1mbegin transaction[0m
  [1m[35mSQL (0.3ms)[0m  INSERT INTO "markets" ("id", "name", "address", "city", "county", "state", "zip", "created_at", "updated_at") VALUES (?, ?, ?, ?, ?, ?, ?, ?, ?)  [["id", 12], ["name", "Coxsackie Farmers' Market"], ["address", "1 Betke Boulevard"], ["city", "Coxsackie"], ["county", "Greene"], ["state", "New York"], ["zip", "12051"], ["created_at", "2016-10-04 23:35:55.554420"], ["updated_at", "2016-10-04 23:35:55.554420"]]
  [1m[36m (0.6ms)[0m  [1mcommit transaction[0m
  [1m[35m (0.0ms)[0m  begin transaction
  [1m[36mSQL (0.3ms)[0m  [1mINSERT INTO "markets" ("id", "name", "address", "city", "county", "state", "zip", "created_at", "updated_at") VALUES (?, ?, ?, ?, ?, ?, ?, ?, ?)[0m  [["id", 13], ["name", "Otsiningo Park Farmers' Market"], ["address", "1 Bevier St"], ["city", "Binghamton"], ["county", "Broome"], ["state", "New York"], ["zip", "13905"], ["created_at", "2016-10-04 23:35:55.556898"], ["updated_at", "2016-10-04 23:35:55.556898"]]
  [1m[35m (0.6ms)[0m  commit transaction
  [1m[36m (0.1ms)[0m  [1mbegin transaction[0m
  [1m[35mSQL (0.2ms)[0m  INSERT INTO "markets" ("id", "name", "address", "city", "county", "state", "zip", "created_at", "updated_at") VALUES (?, ?, ?, ?, ?, ?, ?, ?, ?)  [["id", 14], ["name", "Hartford Farmers Market"], ["address", "1 Block North of Highway 60 on Rural Street"], ["city", "Hartford"], ["county", "Washington"], ["state", "Wisconsin"], ["zip", "53027"], ["created_at", "2016-10-04 23:35:55.559342"], ["updated_at", "2016-10-04 23:35:55.559342"]]
  [1m[36m (0.6ms)[0m  [1mcommit transaction[0m
  [1m[35m (0.1ms)[0m  begin transaction
  [1m[36mSQL (0.3ms)[0m  [1mINSERT INTO "markets" ("id", "name", "address", "city", "state", "zip", "created_at", "updated_at") VALUES (?, ?, ?, ?, ?, ?, ?, ?)[0m  [["id", 15], ["name", "Farmers Market in Denison"], ["address", "1 block west of Main St."], ["city", "Denison"], ["state", "Texas"], ["zip", "75090"], ["created_at", "2016-10-04 23:35:55.561609"], ["updated_at", "2016-10-04 23:35:55.561609"]]
  [1m[35m (0.6ms)[0m  commit transaction
  [1m[36m (0.0ms)[0m  [1mbegin transaction[0m
  [1m[35mSQL (0.2ms)[0m  INSERT INTO "markets" ("id", "name", "address", "city", "county", "state", "zip", "created_at", "updated_at") VALUES (?, ?, ?, ?, ?, ?, ?, ?, ?)  [["id", 16], ["name", "Riverside Farmers' Market"], ["address", "1 Burling Rd."], ["city", "Riverside"], ["county", "Cook"], ["state", "Illinois"], ["zip", "60546"], ["created_at", "2016-10-04 23:35:55.564103"], ["updated_at", "2016-10-04 23:35:55.564103"]]
  [1m[36m (0.6ms)[0m  [1mcommit transaction[0m
  [1m[35m (0.0ms)[0m  begin transaction
  [1m[36mSQL (0.3ms)[0m  [1mINSERT INTO "markets" ("id", "name", "address", "city", "county", "state", "zip", "created_at", "updated_at") VALUES (?, ?, ?, ?, ?, ?, ?, ?, ?)[0m  [["id", 17], ["name", "Farmers Market in Camdenton"], ["address", "1 Camden Ct NW"], ["city", "Camdenton"], ["county", "Camden"], ["state", "Missouri"], ["zip", "65020"], ["created_at", "2016-10-04 23:35:55.566346"], ["updated_at", "2016-10-04 23:35:55.566346"]]
  [1m[35m (0.6ms)[0m  commit transaction
  [1m[36m (0.1ms)[0m  [1mbegin transaction[0m
  [1m[35mSQL (0.2ms)[0m  INSERT INTO "markets" ("id", "name", "address", "city", "county", "state", "zip", "created_at", "updated_at") VALUES (?, ?, ?, ?, ?, ?, ?, ?, ?)  [["id", 18], ["name", "Grand Valley State University Farmers Market"], ["address", "1 Campus Drive, Parking Lot F"], ["city", "Allendale"], ["county", "Ottawa"], ["state", "Michigan"], ["zip", "49504"], ["created_at", "2016-10-04 23:35:55.568978"], ["updated_at", "2016-10-04 23:35:55.568978"]]
  [1m[36m (0.6ms)[0m  [1mcommit transaction[0m
  [1m[35m (0.1ms)[0m  begin transaction
  [1m[36mSQL (0.2ms)[0m  [1mINSERT INTO "markets" ("id", "name", "address", "city", "county", "state", "zip", "created_at", "updated_at") VALUES (?, ?, ?, ?, ?, ?, ?, ?, ?)[0m  [["id", 19], ["name", "Ringwood Farmers' Market"], ["address", "1 Cannici Drive"], ["city", "Ringwood"], ["county", "Passaic"], ["state", "New Jersey"], ["zip", "7456"], ["created_at", "2016-10-04 23:35:55.571243"], ["updated_at", "2016-10-04 23:35:55.571243"]]
  [1m[35m (0.6ms)[0m  commit transaction
  [1m[36m (0.1ms)[0m  [1mbegin transaction[0m
  [1m[35mSQL (0.3ms)[0m  INSERT INTO "markets" ("id", "name", "address", "city", "county", "state", "zip", "created_at", "updated_at") VALUES (?, ?, ?, ?, ?, ?, ?, ?, ?)  [["id", 20], ["name", "Scottdale Farmers Market"], ["address", "1 Centennial Way"], ["city", "Scottdale"], ["county", "Westmoreland"], ["state", "Pennsylvania"], ["zip", "15683"], ["created_at", "2016-10-04 23:35:55.573912"], ["updated_at", "2016-10-04 23:35:55.573912"]]
  [1m[36m (0.7ms)[0m  [1mcommit transaction[0m
  [1m[35m (0.1ms)[0m  begin transaction
  [1m[36mSQL (0.3ms)[0m  [1mINSERT INTO "markets" ("id", "name", "address", "city", "county", "state", "zip", "created_at", "updated_at") VALUES (?, ?, ?, ?, ?, ?, ?, ?, ?)[0m  [["id", 21], ["name", "TRAVELERS REST COMMUNITY FARMERS MARKET"], ["address", "1 Center Street"], ["city", "Travelers Rest"], ["county", "Greenville"], ["state", "South Carolina"], ["zip", "29690"], ["created_at", "2016-10-04 23:35:55.576681"], ["updated_at", "2016-10-04 23:35:55.576681"]]
  [1m[35m (0.7ms)[0m  commit transaction
  [1m[36m (0.1ms)[0m  [1mbegin transaction[0m
  [1m[35mSQL (0.3ms)[0m  INSERT INTO "markets" ("id", "name", "address", "city", "state", "zip", "created_at", "updated_at") VALUES (?, ?, ?, ?, ?, ?, ?, ?)  [["id", 22], ["name", "Farmers Market on the Westford Common"], ["address", "1 Common Rd"], ["city", "Westford"], ["state", "Vermont"], ["zip", "5494"], ["created_at", "2016-10-04 23:35:55.579331"], ["updated_at", "2016-10-04 23:35:55.579331"]]
  [1m[36m (0.6ms)[0m  [1mcommit transaction[0m
  [1m[35m (0.1ms)[0m  begin transaction
  [1m[36mSQL (0.4ms)[0m  [1mINSERT INTO "markets" ("id", "name", "address", "city", "county", "state", "zip", "created_at", "updated_at") VALUES (?, ?, ?, ?, ?, ?, ?, ?, ?)[0m  [["id", 23], ["name", "Belington Farmers Market"], ["address", "1 County Highway 11"], ["city", "Belington"], ["county", "Barbour"], ["state", "West Virginia"], ["zip", "25250"], ["created_at", "2016-10-04 23:35:55.581755"], ["updated_at", "2016-10-04 23:35:55.581755"]]
  [1m[35m (0.7ms)[0m  commit transaction
  [1m[36m (0.0ms)[0m  [1mbegin transaction[0m
  [1m[35mSQL (0.3ms)[0m  INSERT INTO "markets" ("id", "name", "address", "city", "state", "zip", "created_at", "updated_at") VALUES (?, ?, ?, ?, ?, ?, ?, ?)  [["id", 24], ["name", "Plaza Marketplace"], ["address", "1 Courthouse Square"], ["city", "Hillsboro"], ["state", "Illinois"], ["zip", "62049"], ["created_at", "2016-10-04 23:35:55.584955"], ["updated_at", "2016-10-04 23:35:55.584955"]]
  [1m[36m (0.6ms)[0m  [1mcommit transaction[0m
  [1m[35m (0.0ms)[0m  begin transaction
  [1m[36mSQL (0.5ms)[0m  [1mINSERT INTO "markets" ("id", "name", "address", "city", "county", "state", "zip", "created_at", "updated_at") VALUES (?, ?, ?, ?, ?, ?, ?, ?, ?)[0m  [["id", 25], ["name", "Cheyenne Farmers Market"], ["address", "1 Depot Plaza"], ["city", "Cheyenne"], ["county", "Laramie"], ["state", "Wyoming"], ["zip", "82001"], ["created_at", "2016-10-04 23:35:55.587251"], ["updated_at", "2016-10-04 23:35:55.587251"]]
  [1m[35m (0.7ms)[0m  commit transaction
  [1m[36m (0.0ms)[0m  [1mbegin transaction[0m
  [1m[35mSQL (0.2ms)[0m  INSERT INTO "markets" ("id", "name", "address", "city", "county", "state", "zip", "created_at", "updated_at") VALUES (?, ?, ?, ?, ?, ?, ?, ?, ?)  [["id", 26], ["name", "Pinckneyville Farmers Market"], ["address", "1 E Water St."], ["city", "Pinckneyville"], ["county", "Perry"], ["state", "Illinois"], ["zip", "62274"], ["created_at", "2016-10-04 23:35:55.590063"], ["updated_at", "2016-10-04 23:35:55.590063"]]
  [1m[36m (0.5ms)[0m  [1mcommit transaction[0m
  [1m[35m (0.0ms)[0m  begin transaction
  [1m[36mSQL (0.2ms)[0m  [1mINSERT INTO "markets" ("id", "name", "address", "city", "county", "state", "zip", "created_at", "updated_at") VALUES (?, ?, ?, ?, ?, ?, ?, ?, ?)[0m  [["id", 27], ["name", "Skaneateles Farmers Market"], ["address", "1 East Austin Street"], ["city", "Skaneateles"], ["county", "Onondaga"], ["state", "New York"], ["zip", "13152"], ["created_at", "2016-10-04 23:35:55.592125"], ["updated_at", "2016-10-04 23:35:55.592125"]]
  [1m[35m (0.6ms)[0m  commit transaction
  [1m[36m (0.1ms)[0m  [1mbegin transaction[0m
  [1m[35mSQL (0.2ms)[0m  INSERT INTO "markets" ("id", "name", "address", "city", "county", "state", "zip", "created_at", "updated_at") VALUES (?, ?, ?, ?, ?, ?, ?, ?, ?)  [["id", 28], ["name", "North Providence Farmers Market"], ["address", "1 Governor Notte Parkway off 1675 Douglas Avenue"], ["city", "North Providence"], ["county", "Providence"], ["state", "Rhode Island"], ["zip", "2904"], ["created_at", "2016-10-04 23:35:55.594373"], ["updated_at", "2016-10-04 23:35:55.594373"]]
  [1m[36m (0.6ms)[0m  [1mcommit transaction[0m
  [1m[35m (0.1ms)[0m  begin transaction
  [1m[36mSQL (0.3ms)[0m  [1mINSERT INTO "markets" ("id", "name", "address", "city", "county", "state", "zip", "created_at", "updated_at") VALUES (?, ?, ?, ?, ?, ?, ?, ?, ?)[0m  [["id", 29], ["name", "Grafton Farmers Market"], ["address", "1 Grafton Common"], ["city", "Grafton"], ["county", "Worcester"], ["state", "Massachusetts"], ["zip", "1519"], ["created_at", "2016-10-04 23:35:55.596556"], ["updated_at", "2016-10-04 23:35:55.596556"]]
  [1m[35m (0.6ms)[0m  commit transaction
  [1m[36m (0.1ms)[0m  [1mbegin transaction[0m
  [1m[35mSQL (0.2ms)[0m  INSERT INTO "markets" ("id", "name", "address", "city", "county", "state", "zip", "created_at", "updated_at") VALUES (?, ?, ?, ?, ?, ?, ?, ?, ?)  [["id", 30], ["name", "West Stockbridge Farmers Market"], ["address", "1 Harris Street, Merritt Green"], ["city", "West Stockbridge"], ["county", "Berkshire"], ["state", "Massachusetts"], ["zip", "1266"], ["created_at", "2016-10-04 23:35:55.598832"], ["updated_at", "2016-10-04 23:35:55.598832"]]
  [1m[36m (0.6ms)[0m  [1mcommit transaction[0m
  [1m[35m (0.1ms)[0m  begin transaction
  [1m[36mSQL (0.2ms)[0m  [1mINSERT INTO "markets" ("id", "name", "address", "city", "state", "zip", "created_at", "updated_at") VALUES (?, ?, ?, ?, ?, ?, ?, ?)[0m  [["id", 31], ["name", "North Quincy Farmers Market"], ["address", "1 Heritage Drive, ING Parking Lot"], ["city", "Quincy"], ["state", "Massachusetts"], ["zip", "2171"], ["created_at", "2016-10-04 23:35:55.600944"], ["updated_at", "2016-10-04 23:35:55.600944"]]
  [1m[35m (0.5ms)[0m  commit transaction
  [1m[36m (0.0ms)[0m  [1mbegin transaction[0m
  [1m[35mSQL (0.4ms)[0m  INSERT INTO "markets" ("id", "name", "address", "city", "county", "state", "zip", "created_at", "updated_at") VALUES (?, ?, ?, ?, ?, ?, ?, ?, ?)  [["id", 32], ["name", "St. John's Church Farmers Market"], ["address", "1 Hudson Street"], ["city", "New York City"], ["county", "Westchester"], ["state", "New York"], ["zip", "10701"], ["created_at", "2016-10-04 23:35:55.602908"], ["updated_at", "2016-10-04 23:35:55.602908"]]
  [1m[36m (0.7ms)[0m  [1mcommit transaction[0m
  [1m[35m (0.1ms)[0m  begin transaction
  [1m[36mSQL (0.3ms)[0m  [1mINSERT INTO "markets" ("id", "name", "address", "city", "county", "state", "zip", "created_at", "updated_at") VALUES (?, ?, ?, ?, ?, ?, ?, ?, ?)[0m  [["id", 33], ["name", "Historic Park Irvine"], ["address", "1 Irvine Park Rd."], ["city", "City of irvine"], ["county", "Orange"], ["state", "California"], ["zip", "92869"], ["created_at", "2016-10-04 23:35:55.606211"], ["updated_at", "2016-10-04 23:35:55.606211"]]
  [1m[35m (0.7ms)[0m  commit transaction
  [1m[36m (0.0ms)[0m  [1mbegin transaction[0m
  [1m[35mSQL (0.2ms)[0m  INSERT INTO "markets" ("id", "name", "address", "city", "county", "state", "created_at", "updated_at") VALUES (?, ?, ?, ?, ?, ?, ?, ?)  [["id", 34], ["name", "Irvine Regional Park Certified Farmers' Market"], ["address", "1 Irvine Park Road"], ["city", "Orange"], ["county", "Orange"], ["state", "California"], ["created_at", "2016-10-04 23:35:55.608920"], ["updated_at", "2016-10-04 23:35:55.608920"]]
  [1m[36m (0.5ms)[0m  [1mcommit transaction[0m
  [1m[35m (0.1ms)[0m  begin transaction
  [1m[36mSQL (0.2ms)[0m  [1mINSERT INTO "markets" ("id", "name", "address", "city", "county", "state", "zip", "created_at", "updated_at") VALUES (?, ?, ?, ?, ?, ?, ?, ?, ?)[0m  [["id", 35], ["name", "Braintree Farmers Market"], ["address", "1 JFK Memorial Drive"], ["city", "Braintree"], ["county", "Norfolk"], ["state", "Massachusetts"], ["zip", "2184"], ["created_at", "2016-10-04 23:35:55.610973"], ["updated_at", "2016-10-04 23:35:55.610973"]]
  [1m[35m (0.6ms)[0m  commit transaction
  [1m[36m (0.0ms)[0m  [1mbegin transaction[0m
  [1m[35mSQL (0.3ms)[0m  INSERT INTO "markets" ("id", "name", "address", "city", "state", "created_at", "updated_at") VALUES (?, ?, ?, ?, ?, ?, ?)  [["id", 36], ["name", "Portsmouth Farmers' Market"], ["address", "1 Junkins Avenue"], ["city", "Portsmouth"], ["state", "New Hampshire"], ["created_at", "2016-10-04 23:35:55.612943"], ["updated_at", "2016-10-04 23:35:55.612943"]]
  [1m[36m (0.7ms)[0m  [1mcommit transaction[0m
  [1m[35m (0.1ms)[0m  begin transaction
  [1m[36mSQL (0.2ms)[0m  [1mINSERT INTO "markets" ("id", "name", "address", "city", "county", "state", "zip", "created_at", "updated_at") VALUES (?, ?, ?, ?, ?, ?, ?, ?, ?)[0m  [["id", 37], ["name", "Atkinson NH Farmers Market"], ["address", "1 Kip Cam Road"], ["city", "Atkinson"], ["county", "Rockingham"], ["state", "New Hampshire"], ["zip", "3811"], ["created_at", "2016-10-04 23:35:55.615456"], ["updated_at", "2016-10-04 23:35:55.615456"]]
  [1m[35m (0.6ms)[0m  commit transaction
  [1m[36m (0.1ms)[0m  [1mbegin transaction[0m
  [1m[35mSQL (0.2ms)[0m  INSERT INTO "markets" ("id", "name", "address", "city", "county", "state", "zip", "created_at", "updated_at") VALUES (?, ?, ?, ?, ?, ?, ?, ?, ?)  [["id", 38], ["name", "Gettysburg Farmers' Market"], ["address", "1 Lincoln Square"], ["city", "Gettysburg"], ["county", "Adams"], ["state", "Pennsylvania"], ["zip", "17325"], ["created_at", "2016-10-04 23:35:55.617629"], ["updated_at", "2016-10-04 23:35:55.617629"]]
  [1m[36m (0.6ms)[0m  [1mcommit transaction[0m
  [1m[35m (0.0ms)[0m  begin transaction
  [1m[36mSQL (0.3ms)[0m  [1mINSERT INTO "markets" ("id", "name", "address", "city", "county", "state", "zip", "created_at", "updated_at") VALUES (?, ?, ?, ?, ?, ?, ?, ?, ?)[0m  [["id", 39], ["name", "Winooski Farmers' Market"], ["address", "1 Main St."], ["city", "Winooski"], ["county", "Chittenden"], ["state", "Vermont"], ["zip", "5404"], ["created_at", "2016-10-04 23:35:55.619622"], ["updated_at", "2016-10-04 23:35:55.619622"]]
  [1m[35m (0.6ms)[0m  commit transaction
  [1m[36m (0.1ms)[0m  [1mbegin transaction[0m
  [1m[35mSQL (0.2ms)[0m  INSERT INTO "markets" ("id", "name", "address", "city", "county", "state", "created_at", "updated_at") VALUES (?, ?, ?, ?, ?, ?, ?, ?)  [["id", 40], ["name", "Woodbridge Farmers Market"], ["address", "1 Main Street, Woodbridge"], ["city", "Woodbridge"], ["county", "Middlesex County"], ["state", "New Jersey"], ["created_at", "2016-10-04 23:35:55.622345"], ["updated_at", "2016-10-04 23:35:55.622345"]]
  [1m[36m (0.6ms)[0m  [1mcommit transaction[0m
  [1m[35m (0.1ms)[0m  begin transaction
  [1m[36mSQL (0.2ms)[0m  [1mINSERT INTO "markets" ("id", "name", "address", "city", "county", "state", "created_at", "updated_at") VALUES (?, ?, ?, ?, ?, ?, ?, ?)[0m  [["id", 41], ["name", "Tuma’s Farmers Market"], ["address", "1 mile east of Hot Springs, SD on Hwy 18"], ["city", "Hot Springs"], ["county", "Fall River County"], ["state", "South Dakota"], ["created_at", "2016-10-04 23:35:55.624691"], ["updated_at", "2016-10-04 23:35:55.624691"]]
  [1m[35m (0.6ms)[0m  commit transaction
  [1m[36m (0.1ms)[0m  [1mbegin transaction[0m
  [1m[35mSQL (0.2ms)[0m  INSERT INTO "markets" ("id", "name", "address", "city", "county", "state", "zip", "created_at", "updated_at") VALUES (?, ?, ?, ?, ?, ?, ?, ?, ?)  [["id", 42], ["name", "Waltham Farmers' Market"], ["address", "1 Moody Street"], ["city", "Waltham"], ["county", "Middlesex"], ["state", "Massachusetts"], ["zip", "2454"], ["created_at", "2016-10-04 23:35:55.626977"], ["updated_at", "2016-10-04 23:35:55.626977"]]
  [1m[36m (0.6ms)[0m  [1mcommit transaction[0m
  [1m[35m (0.1ms)[0m  begin transaction
  [1m[36mSQL (0.3ms)[0m  [1mINSERT INTO "markets" ("id", "name", "address", "city", "county", "state", "zip", "created_at", "updated_at") VALUES (?, ?, ?, ?, ?, ?, ?, ?, ?)[0m  [["id", 43], ["name", "Ocala Farm Market"], ["address", "1 NE 1st Avenue"], ["city", "Ocala"], ["county", "Marion"], ["state", "Florida"], ["zip", "34470"], ["created_at", "2016-10-04 23:35:55.629159"], ["updated_at", "2016-10-04 23:35:55.629159"]]
  [1m[35m (0.8ms)[0m  commit transaction
  [1m[36m (0.1ms)[0m  [1mbegin transaction[0m
  [1m[35mSQL (0.3ms)[0m  INSERT INTO "markets" ("id", "name", "address", "city", "county", "state", "zip", "created_at", "updated_at") VALUES (?, ?, ?, ?, ?, ?, ?, ?, ?)  [["id", 44], ["name", "Carbondale Farmers Market"], ["address", "1 North Main Street"], ["city", "Carbondale"], ["county", "Lackawanna"], ["state", "Pennsylvania"], ["zip", "18407"], ["created_at", "2016-10-04 23:35:55.631881"], ["updated_at", "2016-10-04 23:35:55.631881"]]
  [1m[36m (0.7ms)[0m  [1mcommit transaction[0m
  [1m[35m (0.1ms)[0m  begin transaction
  [1m[36mSQL (0.3ms)[0m  [1mINSERT INTO "markets" ("id", "name", "address", "city", "county", "state", "zip", "created_at", "updated_at") VALUES (?, ?, ?, ?, ?, ?, ?, ?, ?)[0m  [["id", 45], ["name", "Farmers' Market at Mill Park"], ["address", "1 Northern Ave"], ["city", "Augusta"], ["county", "Kennebec"], ["state", "Maine"], ["zip", "4330"], ["created_at", "2016-10-04 23:35:55.634694"], ["updated_at", "2016-10-04 23:35:55.634694"]]
  [1m[35m (0.7ms)[0m  commit transaction
  [1m[36m (0.1ms)[0m  [1mbegin transaction[0m
  [1m[35mSQL (0.2ms)[0m  INSERT INTO "markets" ("id", "name", "address", "city", "county", "state", "zip", "created_at", "updated_at") VALUES (?, ?, ?, ?, ?, ?, ?, ?, ?)  [["id", 46], ["name", "Harvard University Farmers' Market"], ["address", "1 Oxford Street"], ["city", "Cambridge"], ["county", "Middlesex"], ["state", "Massachusetts"], ["zip", "2138"], ["created_at", "2016-10-04 23:35:55.637547"], ["updated_at", "2016-10-04 23:35:55.637547"]]
  [1m[36m (0.6ms)[0m  [1mcommit transaction[0m
  [1m[35m (0.1ms)[0m  begin transaction
  [1m[36mSQL (0.2ms)[0m  [1mINSERT INTO "markets" ("id", "name", "address", "city", "county", "state", "zip", "created_at", "updated_at") VALUES (?, ?, ?, ?, ?, ?, ?, ?, ?)[0m  [["id", 47], ["name", "Smart Markets Manassas Park"], ["address", "1 Park Center Ct."], ["city", "Manassas Park"], ["county", "Prince William"], ["state", "Virginia"], ["zip", "20111"], ["created_at", "2016-10-04 23:35:55.639768"], ["updated_at", "2016-10-04 23:35:55.639768"]]
  [1m[35m (0.6ms)[0m  commit transaction
  [1m[36m (0.0ms)[0m  [1mbegin transaction[0m
  [1m[35mSQL (0.2ms)[0m  INSERT INTO "markets" ("id", "name", "address", "city", "county", "state", "zip", "created_at", "updated_at") VALUES (?, ?, ?, ?, ?, ?, ?, ?, ?)  [["id", 48], ["name", "Acton-Boxborough Farmers Market"], ["address", "1 Pearl St"], ["city", "Acton"], ["county", "Middlesex"], ["state", "Massachusetts"], ["zip", "1720"], ["created_at", "2016-10-04 23:35:55.641868"], ["updated_at", "2016-10-04 23:35:55.641868"]]
  [1m[36m (0.5ms)[0m  [1mcommit transaction[0m
  [1m[35m (0.0ms)[0m  begin transaction
  [1m[36mSQL (0.2ms)[0m  [1mINSERT INTO "markets" ("id", "name", "address", "city", "county", "state", "zip", "created_at", "updated_at") VALUES (?, ?, ?, ?, ?, ?, ?, ?, ?)[0m  [["id", 49], ["name", "Willoughby Outdoor Market"], ["address", "1 Public Square"], ["city", "Willoughby"], ["county", "Lake"], ["state", "Ohio"], ["zip", "44094"], ["created_at", "2016-10-04 23:35:55.643814"], ["updated_at", "2016-10-04 23:35:55.643814"]]
  [1m[35m (0.5ms)[0m  commit transaction
  [1m[36m (0.0ms)[0m  [1mbegin transaction[0m
  [1m[35mSQL (0.2ms)[0m  INSERT INTO "markets" ("id", "name", "address", "city", "county", "state", "created_at", "updated_at") VALUES (?, ?, ?, ?, ?, ?, ?, ?)  [["id", 50], ["name", "REC'S Mobile Farmers Market - YWCA of Central MA"], ["address", "1 Salem Square"], ["city", "Worcester"], ["county", "Worcester"], ["state", "Massachusetts"], ["created_at", "2016-10-04 23:35:55.645734"], ["updated_at", "2016-10-04 23:35:55.645734"]]
  [1m[36m (0.7ms)[0m  [1mcommit transaction[0m
  [1m[35m (0.1ms)[0m  begin transaction
  [1m[36mSQL (0.2ms)[0m  [1mINSERT INTO "markets" ("id", "name", "address", "city", "county", "state", "zip", "created_at", "updated_at") VALUES (?, ?, ?, ?, ?, ?, ?, ?, ?)[0m  [["id", 51], ["name", "Castine Farmers' Market"], ["address", "1 School St."], ["city", "Castine"], ["county", "Hancock"], ["state", "Maine"], ["zip", "4420"], ["created_at", "2016-10-04 23:35:55.648205"], ["updated_at", "2016-10-04 23:35:55.648205"]]
  [1m[35m (0.6ms)[0m  commit transaction
  [1m[36m (0.1ms)[0m  [1mbegin transaction[0m
  [1m[35mSQL (0.3ms)[0m  INSERT INTO "markets" ("id", "name", "address", "city", "state", "zip", "created_at", "updated_at") VALUES (?, ?, ?, ?, ?, ?, ?, ?)  [["id", 52], ["name", "Lake Worth Farmer's Market, Waterside"], ["address", "1 South Ocean Blvd."], ["city", "Lake Worth"], ["state", "Florida"], ["zip", "33460"], ["created_at", "2016-10-04 23:35:55.650515"], ["updated_at", "2016-10-04 23:35:55.650515"]]
  [1m[36m (0.6ms)[0m  [1mcommit transaction[0m
  [1m[35m (0.0ms)[0m  begin transaction
  [1m[36mSQL (0.2ms)[0m  [1mINSERT INTO "markets" ("id", "name", "address", "city", "county", "state", "zip", "created_at", "updated_at") VALUES (?, ?, ?, ?, ?, ?, ?, ?, ?)[0m  [["id", 53], ["name", "Crescent City Farmers Market"], ["address", "1 South Summit Street"], ["city", "Crescent City"], ["county", "Putnam"], ["state", "Florida"], ["zip", "32112"], ["created_at", "2016-10-04 23:35:55.652760"], ["updated_at", "2016-10-04 23:35:55.652760"]]
  [1m[35m (0.6ms)[0m  commit transaction
  [1m[36m (0.1ms)[0m  [1mbegin transaction[0m
  [1m[35mSQL (0.2ms)[0m  INSERT INTO "markets" ("id", "name", "address", "city", "county", "state", "zip", "created_at", "updated_at") VALUES (?, ?, ?, ?, ?, ?, ?, ?, ?)  [["id", 54], ["name", "York Gateway Farmers' Market"], ["address", "1 Stonewall Lane"], ["city", "York"], ["county", "York"], ["state", "Maine"], ["zip", "3909"], ["created_at", "2016-10-04 23:35:55.654842"], ["updated_at", "2016-10-04 23:35:55.654842"]]
  [1m[36m (0.6ms)[0m  [1mcommit transaction[0m
  [1m[35m (0.0ms)[0m  begin transaction
  [1m[36mSQL (0.3ms)[0m  [1mINSERT INTO "markets" ("id", "name", "address", "city", "county", "state", "zip", "created_at", "updated_at") VALUES (?, ?, ?, ?, ?, ?, ?, ?, ?)[0m  [["id", 55], ["name", "Carefree Farmers Market"], ["address", "1 Sundial Circle"], ["city", "Carefree"], ["county", "Maricopa"], ["state", "Arizona"], ["zip", "85377"], ["created_at", "2016-10-04 23:35:55.656973"], ["updated_at", "2016-10-04 23:35:55.656973"]]
  [1m[35m (0.6ms)[0m  commit transaction
  [1m[36m (0.1ms)[0m  [1mbegin transaction[0m
  [1m[35mSQL (0.3ms)[0m  INSERT INTO "markets" ("id", "name", "address", "city", "county", "state", "zip", "created_at", "updated_at") VALUES (?, ?, ?, ?, ?, ?, ?, ?, ?)  [["id", 56], ["name", "Troy Waterfront Farmers Market"], ["address", "1 Third Street"], ["city", "Troy"], ["county", "Rensselaer"], ["state", "New York"], ["zip", "12180"], ["created_at", "2016-10-04 23:35:55.659336"], ["updated_at", "2016-10-04 23:35:55.659336"]]
  [1m[36m (0.7ms)[0m  [1mcommit transaction[0m
  [1m[35m (0.1ms)[0m  begin transaction
  [1m[36mSQL (0.3ms)[0m  [1mINSERT INTO "markets" ("id", "name", "address", "city", "county", "state", "zip", "created_at", "updated_at") VALUES (?, ?, ?, ?, ?, ?, ?, ?, ?)[0m  [["id", 57], ["name", "Taylor Farmers' Market"], ["address", "1 Town Square Lane"], ["city", "Taylor"], ["county", "Lafayette"], ["state", "Mississippi"], ["zip", "38673"], ["created_at", "2016-10-04 23:35:55.665523"], ["updated_at", "2016-10-04 23:35:55.665523"]]
  [1m[35m (0.6ms)[0m  commit transaction
  [1m[36m (0.1ms)[0m  [1mbegin transaction[0m
  [1m[35mSQL (0.2ms)[0m  INSERT INTO "markets" ("id", "name", "address", "city", "county", "state", "zip", "created_at", "updated_at") VALUES (?, ?, ?, ?, ?, ?, ?, ?, ?)  [["id", 58], ["name", "Heart of the City Farmers' Market"], ["address", "1 United Nations Plaza"], ["city", "San Francisco"], ["county", "San Francisco"], ["state", "California"], ["zip", "94102"], ["created_at", "2016-10-04 23:35:55.667858"], ["updated_at", "2016-10-04 23:35:55.667858"]]
  [1m[36m (0.5ms)[0m  [1mcommit transaction[0m
  [1m[35m (0.0ms)[0m  begin transaction
  [1m[36mSQL (0.2ms)[0m  [1mINSERT INTO "markets" ("id", "name", "address", "city", "county", "state", "zip", "created_at", "updated_at") VALUES (?, ?, ?, ?, ?, ?, ?, ?, ?)[0m  [["id", 59], ["name", "North Asheville Tailgate Market"], ["address", "1 University Heights"], ["city", "Asheville"], ["county", "Buncombe"], ["state", "North Carolina"], ["zip", "28804"], ["created_at", "2016-10-04 23:35:55.670002"], ["updated_at", "2016-10-04 23:35:55.670002"]]
  [1m[35m (0.6ms)[0m  commit transaction
  [1m[36m (0.0ms)[0m  [1mbegin transaction[0m
  [1m[35mSQL (0.2ms)[0m  INSERT INTO "markets" ("id", "name", "address", "city", "county", "state", "zip", "created_at", "updated_at") VALUES (?, ?, ?, ?, ?, ?, ?, ?, ?)  [["id", 60], ["name", "Winter Sun Farms Indoor Winter Market"], ["address", "1 Veteran Drive"], ["city", "New Paltz"], ["county", "Ulster"], ["state", "New York"], ["zip", "12561"], ["created_at", "2016-10-04 23:35:55.671934"], ["updated_at", "2016-10-04 23:35:55.671934"]]
  [1m[36m (0.6ms)[0m  [1mcommit transaction[0m
  [1m[35m (0.0ms)[0m  begin transaction
  [1m[36mSQL (0.2ms)[0m  [1mINSERT INTO "markets" ("id", "name", "address", "city", "county", "state", "zip", "created_at", "updated_at") VALUES (?, ?, ?, ?, ?, ?, ?, ?, ?)[0m  [["id", 61], ["name", "New Lenox Farmers Market"], ["address", "1 Veterans Parkway"], ["city", "New Lenox"], ["county", "Will"], ["state", "Illinois"], ["zip", "60451"], ["created_at", "2016-10-04 23:35:55.673989"], ["updated_at", "2016-10-04 23:35:55.673989"]]
  [1m[35m (0.6ms)[0m  commit transaction
  [1m[36m (0.1ms)[0m  [1mbegin transaction[0m
  [1m[35mSQL (0.2ms)[0m  INSERT INTO "markets" ("id", "name", "address", "city", "county", "state", "zip", "created_at", "updated_at") VALUES (?, ?, ?, ?, ?, ?, ?, ?, ?)  [["id", 62], ["name", "Sandhills Farmers Green Market"], ["address", "1 Village Green Rd West"], ["city", "Pinehurst"], ["county", "Moore"], ["state", "North Carolina"], ["zip", "28374"], ["created_at", "2016-10-04 23:35:55.675985"], ["updated_at", "2016-10-04 23:35:55.675985"]]
  [1m[36m (0.5ms)[0m  [1mcommit transaction[0m
  [1m[35m (0.0ms)[0m  begin transaction
  [1m[36mSQL (0.2ms)[0m  [1mINSERT INTO "markets" ("id", "name", "address", "city", "county", "state", "zip", "created_at", "updated_at") VALUES (?, ?, ?, ?, ?, ?, ?, ?, ?)[0m  [["id", 63], ["name", "Oakmont Farmers Market"], ["address", "1 W Eagle Road"], ["city", "Havertown"], ["county", "Delaware"], ["state", "Pennsylvania"], ["zip", "19083"], ["created_at", "2016-10-04 23:35:55.677885"], ["updated_at", "2016-10-04 23:35:55.677885"]]
  [1m[35m (0.7ms)[0m  commit transaction
  [1m[36m (0.1ms)[0m  [1mbegin transaction[0m
  [1m[35mSQL (0.2ms)[0m  INSERT INTO "markets" ("id", "name", "address", "city", "county", "state", "zip", "created_at", "updated_at") VALUES (?, ?, ?, ?, ?, ?, ?, ?, ?)  [["id", 64], ["name", "Kennedy Plaza Farmers Market"], ["address", "1 w. Chester Street"], ["city", "Long Beach"], ["county", "Nassau"], ["state", "New York"], ["zip", "11561"], ["created_at", "2016-10-04 23:35:55.680253"], ["updated_at", "2016-10-04 23:35:55.680253"]]
  [1m[36m (0.5ms)[0m  [1mcommit transaction[0m
  [1m[35m (0.0ms)[0m  begin transaction
  [1m[36mSQL (0.2ms)[0m  [1mINSERT INTO "markets" ("id", "name", "address", "city", "county", "state", "zip", "created_at", "updated_at") VALUES (?, ?, ?, ?, ?, ?, ?, ?, ?)[0m  [["id", 65], ["name", "REAP Ellicottville Farmers Market"], ["address", "1 W. Washington Street"], ["city", "Ellicottville"], ["county", "Cattaraugus"], ["state", "New York"], ["zip", "14731"], ["created_at", "2016-10-04 23:35:55.682470"], ["updated_at", "2016-10-04 23:35:55.682470"]]
  [1m[35m (0.6ms)[0m  commit transaction
  [1m[36m (0.0ms)[0m  [1mbegin transaction[0m
  [1m[35mSQL (0.2ms)[0m  INSERT INTO "markets" ("id", "name", "address", "city", "county", "state", "zip", "created_at", "updated_at") VALUES (?, ?, ?, ?, ?, ?, ?, ?, ?)  [["id", 66], ["name", "Forsyth Farmers' Market"], ["address", "1 West Park Avenue"], ["city", "Savannah"], ["county", "Chatham"], ["state", "Georgia"], ["zip", "31401"], ["created_at", "2016-10-04 23:35:55.684566"], ["updated_at", "2016-10-04 23:35:55.684566"]]
  [1m[36m (0.5ms)[0m  [1mcommit transaction[0m
  [1m[35m (0.0ms)[0m  begin transaction
  [1m[36mSQL (0.2ms)[0m  [1mINSERT INTO "markets" ("id", "name", "address", "city", "county", "state", "zip", "created_at", "updated_at") VALUES (?, ?, ?, ?, ?, ?, ?, ?, ?)[0m  [["id", 67], ["name", "Northport Farmers Market"], ["address", "1 Woodbine Ave."], ["city", "Northport"], ["county", "Suffolk"], ["state", "New York"], ["zip", "11768"], ["created_at", "2016-10-04 23:35:55.686435"], ["updated_at", "2016-10-04 23:35:55.686435"]]
  [1m[35m (0.6ms)[0m  commit transaction
  [1m[36m (0.0ms)[0m  [1mbegin transaction[0m
  [1m[35mSQL (0.4ms)[0m  INSERT INTO "markets" ("id", "name", "address", "city", "county", "state", "zip", "created_at", "updated_at") VALUES (?, ?, ?, ?, ?, ?, ?, ?, ?)  [["id", 68], ["name", "Hollywood Market @ Young Circle"], ["address", "1 Young Circle"], ["city", "Hollywood"], ["county", "Broward"], ["state", "Florida"], ["zip", "33022"], ["created_at", "2016-10-04 23:35:55.688353"], ["updated_at", "2016-10-04 23:35:55.688353"]]
  [1m[36m (0.8ms)[0m  [1mcommit transaction[0m
  [1m[35m (0.1ms)[0m  begin transaction
  [1m[36mSQL (0.3ms)[0m  [1mINSERT INTO "markets" ("id", "name", "address", "city", "county", "state", "zip", "created_at", "updated_at") VALUES (?, ?, ?, ?, ?, ?, ?, ?, ?)[0m  [["id", 69], ["name", "KC Organics and Natural Market"], ["address", "1/4 mile East of Holmes Road on Red Bridge Road"], ["city", "Kansas City"], ["county", "Jackson"], ["state", "Missouri"], ["zip", "64114"], ["created_at", "2016-10-04 23:35:55.691188"], ["updated_at", "2016-10-04 23:35:55.691188"]]
  [1m[35m (0.6ms)[0m  commit transaction
  [1m[36m (0.0ms)[0m  [1mbegin transaction[0m
  [1m[35mSQL (0.3ms)[0m  INSERT INTO "markets" ("id", "name", "address", "city", "county", "state", "zip", "created_at", "updated_at") VALUES (?, ?, ?, ?, ?, ?, ?, ?, ?)  [["id", 70], ["name", "Towson Farmers' Market"], ["address", "10 Alleghany Avenue"], ["city", "Towson"], ["county", "Baltimore"], ["state", "Maryland"], ["zip", "21204"], ["created_at", "2016-10-04 23:35:55.693453"], ["updated_at", "2016-10-04 23:35:55.693453"]]
  [1m[36m (0.6ms)[0m  [1mcommit transaction[0m
  [1m[35m (0.0ms)[0m  begin transaction
  [1m[36mSQL (0.2ms)[0m  [1mINSERT INTO "markets" ("id", "name", "address", "city", "county", "state", "zip", "created_at", "updated_at") VALUES (?, ?, ?, ?, ?, ?, ?, ?, ?)[0m  [["id", 71], ["name", "Thursday Marin Farmers Market"], ["address", "10 Avenue of the Flags"], ["city", "San Rafael"], ["county", "Marin"], ["state", "California"], ["zip", "94903"], ["created_at", "2016-10-04 23:35:55.695714"], ["updated_at", "2016-10-04 23:35:55.695714"]]
  [1m[35m (0.8ms)[0m  commit transaction
  [1m[36m (0.1ms)[0m  [1mbegin transaction[0m
  [1m[35mSQL (0.3ms)[0m  INSERT INTO "markets" ("id", "name", "address", "city", "county", "state", "zip", "created_at", "updated_at") VALUES (?, ?, ?, ?, ?, ?, ?, ?, ?)  [["id", 72], ["name", "Deerfield Farmer's Market"], ["address", "10 Church Street"], ["city", "Deerfield"], ["county", "Rockingham"], ["state", "New Hampshire"], ["zip", "3037"], ["created_at", "2016-10-04 23:35:55.698541"], ["updated_at", "2016-10-04 23:35:55.698541"]]
  [1m[36m (0.6ms)[0m  [1mcommit transaction[0m
  [1m[35m (0.1ms)[0m  begin transaction
  [1m[36mSQL (0.2ms)[0m  [1mINSERT INTO "markets" ("id", "name", "address", "city", "county", "state", "zip", "created_at", "updated_at") VALUES (?, ?, ?, ?, ?, ?, ?, ?, ?)[0m  [["id", 73], ["name", "Brick District Farmers' Market"], ["address", "10 East 5th Street"], ["city", "Fulton"], ["county", "Callaway"], ["state", "Missouri"], ["zip", "65251"], ["created_at", "2016-10-04 23:35:55.701138"], ["updated_at", "2016-10-04 23:35:55.701138"]]
  [1m[35m (0.6ms)[0m  commit transaction
  [1m[36m (0.0ms)[0m  [1mbegin transaction[0m
  [1m[35mSQL (0.2ms)[0m  INSERT INTO "markets" ("id", "name", "address", "city", "county", "state", "zip", "created_at", "updated_at") VALUES (?, ?, ?, ?, ?, ?, ?, ?, ?)  [["id", 74], ["name", "Fox School Farmers Market"], ["address", "10 East Main Street"], ["city", "South Paris"], ["county", "Oxford"], ["state", "Maine"], ["zip", "4281"], ["created_at", "2016-10-04 23:35:55.703473"], ["updated_at", "2016-10-04 23:35:55.703473"]]
  [1m[36m (0.6ms)[0m  [1mcommit transaction[0m
  [1m[35m (0.0ms)[0m  begin transaction
  [1m[36mSQL (0.2ms)[0m  [1mINSERT INTO "markets" ("id", "name", "address", "city", "state", "zip", "created_at", "updated_at") VALUES (?, ?, ?, ?, ?, ?, ?, ?)[0m  [["id", 75], ["name", "Ipswich Farmers Market"], ["address", "10 Estes Street, Ebsco Parking Lot"], ["city", "Ipswich"], ["state", "Massachusetts"], ["zip", "1938"], ["created_at", "2016-10-04 23:35:55.705494"], ["updated_at", "2016-10-04 23:35:55.705494"]]
  [1m[35m (0.6ms)[0m  commit transaction
  [1m[36m (0.0ms)[0m  [1mbegin transaction[0m
  [1m[35mSQL (0.3ms)[0m  INSERT INTO "markets" ("id", "name", "address", "city", "county", "state", "zip", "created_at", "updated_at") VALUES (?, ?, ?, ?, ?, ?, ?, ?, ?)  [["id", 76], ["name", "Imperial Beach Certified Farmers Market"], ["address", "10 Evergreen Ave.(Pier Plaza)"], ["city", "Imperial Beach"], ["county", "San Diego"], ["state", "California"], ["zip", "91932"], ["created_at", "2016-10-04 23:35:55.707532"], ["updated_at", "2016-10-04 23:35:55.707532"]]
  [1m[36m (1.4ms)[0m  [1mcommit transaction[0m
  [1m[35m (0.1ms)[0m  begin transaction
  [1m[36mSQL (0.3ms)[0m  [1mINSERT INTO "markets" ("id", "name", "address", "city", "county", "state", "zip", "created_at", "updated_at") VALUES (?, ?, ?, ?, ?, ?, ?, ?, ?)[0m  [["id", 77], ["name", "Fresh Friday Farmers Market sponsored by Kaiser Permanente"], ["address", "10 Hopkins Plaza"], ["city", "Baltimore"], ["county", "Baltimore City"], ["state", "Maryland"], ["zip", "21201"], ["created_at", "2016-10-04 23:35:55.710745"], ["updated_at", "2016-10-04 23:35:55.710745"]]
  [1m[35m (0.8ms)[0m  commit transaction
  [1m[36m (0.1ms)[0m  [1mbegin transaction[0m
  [1m[35mSQL (0.2ms)[0m  INSERT INTO "markets" ("id", "name", "address", "city", "state", "zip", "created_at", "updated_at") VALUES (?, ?, ?, ?, ?, ?, ?, ?)  [["id", 78], ["name", "Sugar Grove Farmers Market"], ["address", "10 Municipal Drive"], ["city", "Sugar Grove"], ["state", "Illinois"], ["zip", "60554"], ["created_at", "2016-10-04 23:35:55.713398"], ["updated_at", "2016-10-04 23:35:55.713398"]]
  [1m[36m (0.6ms)[0m  [1mcommit transaction[0m
  [1m[35m (0.0ms)[0m  begin transaction
  [1m[36mSQL (0.2ms)[0m  [1mINSERT INTO "markets" ("id", "name", "address", "city", "county", "state", "zip", "created_at", "updated_at") VALUES (?, ?, ?, ?, ?, ?, ?, ?, ?)[0m  [["id", 79], ["name", "Greater Danville Chamber of Commerce Farmer's Market"], ["address", "10 S Jefferson St."], ["city", "Danville"], ["county", "Hendricks"], ["state", "Indiana"], ["zip", "46122"], ["created_at", "2016-10-04 23:35:55.715523"], ["updated_at", "2016-10-04 23:35:55.715523"]]
  [1m[35m (0.6ms)[0m  commit transaction
  [1m[36m (0.0ms)[0m  [1mbegin transaction[0m
  [1m[35mSQL (0.2ms)[0m  INSERT INTO "markets" ("id", "name", "address", "city", "county", "state", "created_at", "updated_at") VALUES (?, ?, ?, ?, ?, ?, ?, ?)  [["id", 80], ["name", "Charlemont"], ["address", "10 School St./Route 2"], ["city", "charlemont"], ["county", "Franklin"], ["state", "Massachusetts"], ["created_at", "2016-10-04 23:35:55.717466"], ["updated_at", "2016-10-04 23:35:55.717466"]]
  [1m[36m (0.6ms)[0m  [1mcommit transaction[0m
  [1m[35m (0.0ms)[0m  begin transaction
  [1m[36mSQL (0.3ms)[0m  [1mINSERT INTO "markets" ("id", "name", "address", "city", "county", "state", "zip", "created_at", "updated_at") VALUES (?, ?, ?, ?, ?, ?, ?, ?, ?)[0m  [["id", 81], ["name", "Kittery Community Market"], ["address", "10 Shapleigh RD"], ["city", "Kittery"], ["county", "York"], ["state", "Maine"], ["zip", "3904"], ["created_at", "2016-10-04 23:35:55.719426"], ["updated_at", "2016-10-04 23:35:55.719426"]]
  [1m[35m (0.6ms)[0m  commit transaction
  [1m[36m (0.1ms)[0m  [1mbegin transaction[0m
  [1m[35mSQL (0.4ms)[0m  INSERT INTO "markets" ("id", "name", "address", "city", "county", "state", "zip", "created_at", "updated_at") VALUES (?, ?, ?, ?, ?, ?, ?, ?, ?)  [["id", 82], ["name", "Shillington Farmers market"], ["address", "10 South Summit Avenue"], ["city", "Shillington"], ["county", "Berks"], ["state", "Pennsylvania"], ["zip", "19607"], ["created_at", "2016-10-04 23:35:55.722328"], ["updated_at", "2016-10-04 23:35:55.722328"]]
  [1m[36m (0.7ms)[0m  [1mcommit transaction[0m
  [1m[35m (0.0ms)[0m  begin transaction
  [1m[36mSQL (0.2ms)[0m  [1mINSERT INTO "markets" ("id", "name", "address", "city", "county", "state", "zip", "created_at", "updated_at") VALUES (?, ?, ?, ?, ?, ?, ?, ?, ?)[0m  [["id", 83], ["name", "King City Certified Farmers Market"], ["address", "100 & 200 Block of Broadway St."], ["city", "King City"], ["county", "Monterey"], ["state", "California"], ["zip", "93930"], ["created_at", "2016-10-04 23:35:55.725051"], ["updated_at", "2016-10-04 23:35:55.725051"]]
  [1m[35m (0.6ms)[0m  commit transaction
  [1m[36m (0.0ms)[0m  [1mbegin transaction[0m
  [1m[35mSQL (0.2ms)[0m  INSERT INTO "markets" ("id", "name", "address", "city", "county", "state", "zip", "created_at", "updated_at") VALUES (?, ?, ?, ?, ?, ?, ?, ?, ?)  [["id", 84], ["name", "Janesville Farmers Market"], ["address", "100 & 200 Blocks of Main Street"], ["city", "Janesville"], ["county", "Rock"], ["state", "Wisconsin"], ["zip", "53545"], ["created_at", "2016-10-04 23:35:55.727217"], ["updated_at", "2016-10-04 23:35:55.727217"]]
  [1m[36m (0.6ms)[0m  [1mcommit transaction[0m
  [1m[35m (0.0ms)[0m  begin transaction
  [1m[36mSQL (0.2ms)[0m  [1mINSERT INTO "markets" ("id", "name", "address", "city", "county", "state", "zip", "created_at", "updated_at") VALUES (?, ?, ?, ?, ?, ?, ?, ?, ?)[0m  [["id", 85], ["name", "Valley Junction Farmers Market"], ["address", "100 & 200 blocks on 5th Street"], ["city", "West Des Moines"], ["county", "Polk"], ["state", "Iowa"], ["zip", "50265"], ["created_at", "2016-10-04 23:35:55.729359"], ["updated_at", "2016-10-04 23:35:55.729359"]]
  [1m[35m (0.7ms)[0m  commit transaction
  [1m[36m (0.0ms)[0m  [1mbegin transaction[0m
  [1m[35mSQL (0.2ms)[0m  INSERT INTO "markets" ("id", "name", "address", "city", "county", "state", "zip", "created_at", "updated_at") VALUES (?, ?, ?, ?, ?, ?, ?, ?, ?)  [["id", 86], ["name", "Hayfield Farmer Market"], ["address", "100 2nd Street NE"], ["city", "Hayfield"], ["county", "Dodge"], ["state", "Minnesota"], ["zip", "55940"], ["created_at", "2016-10-04 23:35:55.731692"], ["updated_at", "2016-10-04 23:35:55.731692"]]
  [1m[36m (0.7ms)[0m  [1mcommit transaction[0m
  [1m[35m (0.1ms)[0m  begin transaction
  [1m[36mSQL (0.2ms)[0m  [1mINSERT INTO "markets" ("id", "name", "address", "city", "county", "state", "zip", "created_at", "updated_at") VALUES (?, ?, ?, ?, ?, ?, ?, ?, ?)[0m  [["id", 87], ["name", "San Francisco Alemany Farmers Market"], ["address", "100 Alemany Boulevard"], ["city", "San Francisco"], ["county", "San Francisco"], ["state", "California"], ["zip", "94110"], ["created_at", "2016-10-04 23:35:55.734045"], ["updated_at", "2016-10-04 23:35:55.734045"]]
  [1m[35m (0.8ms)[0m  commit transaction
  [1m[36m (0.1ms)[0m  [1mbegin transaction[0m
  [1m[35mSQL (0.3ms)[0m  INSERT INTO "markets" ("id", "name", "address", "city", "county", "state", "zip", "created_at", "updated_at") VALUES (?, ?, ?, ?, ?, ?, ?, ?, ?)  [["id", 88], ["name", "South Wedge Farmers Market"], ["address", "100 Alexander St."], ["city", "Rochester"], ["county", "Monroe"], ["state", "New York"], ["zip", "14620"], ["created_at", "2016-10-04 23:35:55.736637"], ["updated_at", "2016-10-04 23:35:55.736637"]]
  [1m[36m (0.7ms)[0m  [1mcommit transaction[0m
  [1m[35m (0.1ms)[0m  begin transaction
  [1m[36mSQL (0.3ms)[0m  [1mINSERT INTO "markets" ("id", "name", "address", "city", "county", "state", "zip", "created_at", "updated_at") VALUES (?, ?, ?, ?, ?, ?, ?, ?, ?)[0m  [["id", 89], ["name", "Kelso Bridge Market"], ["address", "100 Allen St. & Pacific Ave."], ["city", "Kelso"], ["county", "Cowlitz"], ["state", "Washington"], ["zip", "98626"], ["created_at", "2016-10-04 23:35:55.741074"], ["updated_at", "2016-10-04 23:35:55.741074"]]
  [1m[35m (0.6ms)[0m  commit transaction
  [1m[36m (0.0ms)[0m  [1mbegin transaction[0m
  [1m[35mSQL (0.2ms)[0m  INSERT INTO "markets" ("id", "name", "address", "city", "county", "state", "zip", "created_at", "updated_at") VALUES (?, ?, ?, ?, ?, ?, ?, ?, ?)  [["id", 90], ["name", "Downtown Cumberland"], ["address", "100 Baltimore Street"], ["city", "Cumberland"], ["county", "Allegany"], ["state", "Maryland"], ["zip", "21502"], ["created_at", "2016-10-04 23:35:55.743484"], ["updated_at", "2016-10-04 23:35:55.743484"]]
  [1m[36m (0.6ms)[0m  [1mcommit transaction[0m
  [1m[35m (0.0ms)[0m  begin transaction
  [1m[36mSQL (0.2ms)[0m  [1mINSERT INTO "markets" ("id", "name", "address", "city", "county", "state", "zip", "created_at", "updated_at") VALUES (?, ?, ?, ?, ?, ?, ?, ?, ?)[0m  [["id", 91], ["name", "Richmond County Farmers Market"], ["address", "100 Biltmore Drive"], ["city", "Rockingham"], ["county", "Richmond"], ["state", "North Carolina"], ["zip", "28379"], ["created_at", "2016-10-04 23:35:55.745991"], ["updated_at", "2016-10-04 23:35:55.745991"]]
  [1m[35m (0.6ms)[0m  commit transaction
  [1m[36m (0.0ms)[0m  [1mbegin transaction[0m
  [1m[35mSQL (0.2ms)[0m  INSERT INTO "markets" ("id", "name", "address", "city", "county", "state", "zip", "created_at", "updated_at") VALUES (?, ?, ?, ?, ?, ?, ?, ?, ?)  [["id", 92], ["name", "Mason Area Farmers Market"], ["address", "100 block East Maple at Jefferson (in street)"], ["city", "Mason"], ["county", "Ingham"], ["state", "Michigan"], ["zip", "48854"], ["created_at", "2016-10-04 23:35:55.748216"], ["updated_at", "2016-10-04 23:35:55.748216"]]
  [1m[36m (0.6ms)[0m  [1mcommit transaction[0m
  [1m[36mMarket Load (1.9ms)[0m  [1mSELECT "markets".* FROM "markets"[0m
